2013-11-17 14:14:29,986 ERROR drake: illegal syntax starting with "../getWordLists.py" for workflow
2013-11-17 14:17:40,863 ERROR drake: illegal syntax starting with "EOF" for workflow
2013-11-17 14:17:56,370 ERROR drake: illegal syntax starting with "getWordLists" for workflow
2013-11-17 14:18:29,045 ERROR drake: illegal syntax starting with "s.txt" for workflow
2013-11-17 14:18:43,595 INFO Running 5 steps with concurrence of 1...
2013-11-17 14:18:43,679 INFO 
2013-11-17 14:18:43,693 INFO --- 0. Running (no-input step): drake.log <- 
2013-11-17 14:19:09,500 INFO --- 0: drake.log <-  -> done in 25.77s
2013-11-17 14:19:09,507 INFO 
2013-11-17 14:19:09,507 INFO --- 1. Running (missing output): wordlist-general.txt <- 
2013-11-17 14:19:09,562 INFO --- 1: wordlist-general.txt <-  -> done in 0.05s
2013-11-17 14:19:09,571 INFO 
2013-11-17 14:19:09,572 INFO --- 2. Running (missing output): wordlist-java.txt <- 
2013-11-17 14:19:09,948 INFO --- 2: wordlist-java.txt <-  -> done in 0.38s
2013-11-17 14:19:09,951 INFO 
2013-11-17 14:19:09,951 INFO --- 3. Running (missing output): wordlist-networking.txt <- 
2013-11-17 14:19:10,026 INFO --- 3: wordlist-networking.txt <-  -> done in 0.07s
2013-11-17 14:19:10,029 INFO 
2013-11-17 14:19:10,030 INFO --- 4. Running (missing output): wordlist-crypto.txt <- 
2013-11-17 14:19:10,180 INFO --- 4: wordlist-crypto.txt <-  -> done in 0.15s
2013-11-17 14:19:10,182 INFO Done (5 steps run).
2013-11-17 14:20:37,282 ERROR drake: duplicated output: file:/Users/fnbr/Dropbox/Academic/2013:14/Fall/Cmput466/Project/BugDedup/domainClassification/wordLists/drake.log
2013-11-17 14:21:16,563 INFO Running 6 steps with concurrence of 1...
2013-11-17 14:21:16,619 INFO 
2013-11-17 14:21:16,620 INFO --- 0. Running (missing output): getWordLists <- 
2013-11-17 14:21:41,025 INFO --- 0: getWordLists <-  -> done in 24.40s
2013-11-17 14:21:41,031 INFO 
2013-11-17 14:21:41,031 INFO --- 1. Running (no-input step): wordlist-general.txt <- 
2013-11-17 14:21:41,115 INFO --- 1: wordlist-general.txt <-  -> done in 0.08s
2013-11-17 14:21:41,120 INFO 
2013-11-17 14:21:41,121 INFO --- 2. Running (no-input step): wordlist-java.txt <- 
2013-11-17 14:21:41,219 INFO --- 2: wordlist-java.txt <-  -> done in 0.10s
2013-11-17 14:21:41,223 INFO 
2013-11-17 14:21:41,223 INFO --- 3. Running (no-input step): wordlist-networking.txt <- 
2013-11-17 14:21:41,298 INFO --- 3: wordlist-networking.txt <-  -> done in 0.07s
2013-11-17 14:21:41,302 INFO 
2013-11-17 14:21:41,303 INFO --- 4. Running (no-input step): wordlist-crypto.txt <- 
2013-11-17 14:21:41,365 INFO --- 4: wordlist-crypto.txt <-  -> done in 0.06s
2013-11-17 14:21:41,368 INFO 
2013-11-17 14:21:41,368 INFO --- 5. Running (missing output): cleanUp <- 
2013-11-17 14:21:41,411 INFO --- 5: cleanUp <-  -> done in 0.04s
2013-11-17 14:21:41,413 INFO Done (6 steps run).
2013-11-17 14:51:09,439 INFO Running 1 steps with concurrence of 1...
2013-11-17 14:51:09,521 INFO 
2013-11-17 14:51:09,523 INFO --- 0. Running (missing output): getWordLists <- 
2013-11-17 14:51:35,046 INFO --- 0: getWordLists <-  -> done in 25.48s
2013-11-17 14:51:35,049 INFO Done (1 steps run).
2013-11-17 14:53:23,702 INFO Running 1 steps with concurrence of 1...
2013-11-17 14:53:23,739 INFO 
2013-11-17 14:53:23,740 INFO --- 0. Running (missing output): getWordLists <- 
2013-11-17 14:53:45,053 INFO Running 6 steps with concurrence of 1...
2013-11-17 14:53:45,129 INFO 
2013-11-17 14:53:45,135 INFO --- 0. Running (missing output): getWordLists <- 
2013-11-17 14:54:03,149 INFO --- 0: getWordLists <-  -> done in 18.01s
2013-11-17 14:54:03,154 INFO 
2013-11-17 14:54:03,154 INFO --- 1. Running (no-input step): wordlist-general.txt <- 
2013-11-17 14:54:03,197 INFO --- 1: wordlist-general.txt <-  -> done in 0.04s
2013-11-17 14:54:03,202 INFO 
2013-11-17 14:54:03,202 INFO --- 2. Running (no-input step): wordlist-java.txt <- 
2013-11-17 14:54:03,247 INFO --- 2: wordlist-java.txt <-  -> done in 0.04s
2013-11-17 14:54:03,249 INFO 
2013-11-17 14:54:03,250 INFO --- 3. Running (no-input step): wordlist-networking.txt <- 
2013-11-17 14:54:03,341 INFO --- 3: wordlist-networking.txt <-  -> done in 0.09s
2013-11-17 14:54:03,344 INFO 
2013-11-17 14:54:03,344 INFO --- 4. Running (no-input step): wordlist-crypto.txt <- 
2013-11-17 14:54:03,406 INFO --- 4: wordlist-crypto.txt <-  -> done in 0.06s
2013-11-17 14:54:03,417 INFO 
2013-11-17 14:54:03,419 INFO --- 5. Running (missing output): cleanUp <- 
2013-11-17 14:54:03,567 INFO --- 5: cleanUp <-  -> done in 0.11s
2013-11-17 14:54:03,569 INFO Done (6 steps run).
2013-11-17 18:13:21,193 INFO Running 6 steps with concurrence of 1...
2013-11-17 18:13:21,279 INFO 
2013-11-17 18:13:21,280 INFO --- 0. Running (missing output): getWordLists <- 
2013-11-17 18:13:52,669 INFO --- 0: getWordLists <-  -> done in 31.35s
2013-11-17 18:13:52,703 INFO 
2013-11-17 18:13:52,703 INFO --- 1. Running (no-input step): wordlist-general.txt <- 
2013-11-17 18:13:52,890 INFO --- 1: wordlist-general.txt <-  -> done in 0.19s
2013-11-17 18:13:52,897 INFO 
2013-11-17 18:13:52,897 INFO --- 2. Running (no-input step): wordlist-java.txt <- 
2013-11-17 18:13:52,963 INFO --- 2: wordlist-java.txt <-  -> done in 0.06s
2013-11-17 18:13:52,966 INFO 
2013-11-17 18:13:52,967 INFO --- 3. Running (no-input step): wordlist-networking.txt <- 
2013-11-17 18:13:53,017 INFO --- 3: wordlist-networking.txt <-  -> done in 0.05s
2013-11-17 18:13:53,020 INFO 
2013-11-17 18:13:53,021 INFO --- 4. Running (no-input step): wordlist-crypto.txt <- 
2013-11-17 18:13:53,075 INFO --- 4: wordlist-crypto.txt <-  -> done in 0.05s
2013-11-17 18:13:53,078 INFO 
2013-11-17 18:13:53,079 INFO --- 5. Running (missing output): cleanUp <- 
2013-11-17 18:13:53,202 INFO --- 5: cleanUp <-  -> done in 0.11s
2013-11-17 18:13:53,204 INFO Done (6 steps run).
2013-11-17 18:16:36,816 INFO Running 6 steps with concurrence of 1...
2013-11-17 18:16:36,888 INFO 
2013-11-17 18:16:36,889 INFO --- 0. Running (missing output): getWordLists <- 
2013-11-17 18:17:03,233 INFO --- 0: getWordLists <-  -> done in 26.34s
2013-11-17 18:17:03,239 INFO 
2013-11-17 18:17:03,240 INFO --- 1. Running (no-input step): wordlist-general.txt <- 
2013-11-17 18:17:03,485 INFO --- 1: wordlist-general.txt <-  -> done in 0.23s
2013-11-17 18:17:03,492 INFO 
2013-11-17 18:17:03,492 INFO --- 2. Running (no-input step): wordlist-java.txt <- 
2013-11-17 18:17:03,592 INFO --- 2: wordlist-java.txt <-  -> done in 0.08s
2013-11-17 18:17:03,595 INFO 
2013-11-17 18:17:03,595 INFO --- 3. Running (no-input step): wordlist-networking.txt <- 
2013-11-17 18:17:03,667 INFO --- 3: wordlist-networking.txt <-  -> done in 0.05s
2013-11-17 18:17:03,676 INFO 
2013-11-17 18:17:03,677 INFO --- 4. Running (no-input step): wordlist-crypto.txt <- 
2013-11-17 18:17:03,773 INFO --- 4: wordlist-crypto.txt <-  -> done in 0.08s
2013-11-17 18:17:03,776 INFO 
2013-11-17 18:17:03,776 INFO --- 5. Running (missing output): cleanUp <- 
2013-11-17 18:17:03,914 INFO --- 5: cleanUp <-  -> done in 0.12s
2013-11-17 18:17:03,916 INFO Done (6 steps run).
2013-11-17 18:18:23,554 INFO Running 6 steps with concurrence of 1...
2013-11-17 18:18:23,631 INFO 
2013-11-17 18:18:23,636 INFO --- 0. Running (missing output): getWordLists <- 
2013-11-17 18:18:48,331 INFO --- 0: getWordLists <-  -> done in 24.69s
2013-11-17 18:18:48,352 INFO 
2013-11-17 18:18:48,353 INFO --- 1. Running (no-input step): wordlist-general.txt <- 
2013-11-17 18:18:48,463 INFO --- 1: wordlist-general.txt <-  -> done in 0.11s
2013-11-17 18:18:48,468 INFO 
2013-11-17 18:18:48,468 INFO --- 2. Running (no-input step): wordlist-java.txt <- 
2013-11-17 18:18:48,518 INFO --- 2: wordlist-java.txt <-  -> done in 0.05s
2013-11-17 18:18:48,521 INFO 
2013-11-17 18:18:48,521 INFO --- 3. Running (no-input step): wordlist-networking.txt <- 
2013-11-17 18:18:48,603 INFO --- 3: wordlist-networking.txt <-  -> done in 0.08s
2013-11-17 18:18:48,623 INFO 
2013-11-17 18:18:48,624 INFO --- 4. Running (no-input step): wordlist-crypto.txt <- 
2013-11-17 18:18:48,670 INFO --- 4: wordlist-crypto.txt <-  -> done in 0.04s
2013-11-17 18:18:48,673 INFO 
2013-11-17 18:18:48,674 INFO --- 5. Running (missing output): cleanUp <- 
2013-11-17 18:18:48,762 INFO --- 5: cleanUp <-  -> done in 0.09s
2013-11-17 18:18:48,765 INFO Done (6 steps run).
2013-11-17 18:21:15,387 INFO Running 6 steps with concurrence of 1...
2013-11-17 18:21:15,440 INFO 
2013-11-17 18:21:15,443 INFO --- 0. Running (missing output): getWordLists <- 
2013-11-17 18:21:34,066 INFO --- 0: getWordLists <-  -> done in 18.62s
2013-11-17 18:21:34,072 INFO 
2013-11-17 18:21:34,072 INFO --- 1. Running (no-input step): wordlist-general.txt <- 
2013-11-17 18:21:34,107 INFO --- 1: wordlist-general.txt <-  -> done in 0.03s
2013-11-17 18:21:34,117 INFO 
2013-11-17 18:21:34,143 INFO --- 2. Running (no-input step): wordlist-java.txt <- 
2013-11-17 18:21:34,179 INFO --- 2: wordlist-java.txt <-  -> done in 0.03s
2013-11-17 18:21:34,183 INFO 
2013-11-17 18:21:34,183 INFO --- 3. Running (no-input step): wordlist-networking.txt <- 
2013-11-17 18:21:34,238 INFO --- 3: wordlist-networking.txt <-  -> done in 0.05s
2013-11-17 18:21:34,246 INFO 
2013-11-17 18:21:34,246 INFO --- 4. Running (no-input step): wordlist-crypto.txt <- 
2013-11-17 18:21:34,282 INFO --- 4: wordlist-crypto.txt <-  -> done in 0.03s
2013-11-17 18:21:34,302 INFO 
2013-11-17 18:21:34,303 INFO --- 5. Running (missing output): cleanUp <- 
2013-11-17 18:21:34,337 INFO --- 5: cleanUp <-  -> done in 0.03s
2013-11-17 18:21:34,339 INFO Done (6 steps run).
2013-11-17 18:23:25,522 INFO Running 6 steps with concurrence of 1...
2013-11-17 18:23:25,589 INFO 
2013-11-17 18:23:25,595 INFO --- 0. Running (missing output): getWordLists <- 
2013-11-17 18:23:43,505 INFO --- 0: getWordLists <-  -> done in 17.90s
2013-11-17 18:23:43,512 INFO 
2013-11-17 18:23:43,522 INFO --- 1. Running (no-input step): wordlist-general.txt <- 
2013-11-17 18:23:43,785 INFO --- 1: wordlist-general.txt <-  -> done in 0.20s
2013-11-17 18:23:43,792 INFO 
2013-11-17 18:23:43,792 INFO --- 2. Running (no-input step): wordlist-java.txt <- 
2013-11-17 18:23:43,896 INFO --- 2: wordlist-java.txt <-  -> done in 0.09s
2013-11-17 18:23:43,903 INFO 
2013-11-17 18:23:43,903 INFO --- 3. Running (no-input step): wordlist-networking.txt <- 
2013-11-17 18:23:44,010 INFO --- 3: wordlist-networking.txt <-  -> done in 0.09s
2013-11-17 18:23:44,024 INFO 
2013-11-17 18:23:44,025 INFO --- 4. Running (no-input step): wordlist-crypto.txt <- 
2013-11-17 18:23:44,113 INFO --- 4: wordlist-crypto.txt <-  -> done in 0.07s
2013-11-17 18:23:44,116 INFO 
2013-11-17 18:23:44,117 INFO --- 5. Running (missing output): cleanUp <- 
2013-11-17 18:23:44,301 INFO --- 5: cleanUp <-  -> done in 0.16s
2013-11-17 18:23:44,304 INFO Done (6 steps run).
2013-11-17 18:24:08,399 INFO Running 6 steps with concurrence of 1...
2013-11-17 18:24:08,482 INFO 
2013-11-17 18:24:08,488 INFO --- 0. Running (missing output): getWordLists <- 
2013-11-17 18:24:36,817 INFO --- 0: getWordLists <-  -> done in 28.32s
2013-11-17 18:24:36,857 INFO 
2013-11-17 18:24:36,858 INFO --- 1. Running (missing output): wordlist-general.txt <- 
2013-11-17 18:24:37,351 INFO --- 1: wordlist-general.txt <-  -> done in 0.49s
2013-11-17 18:24:37,355 INFO 
2013-11-17 18:24:37,356 INFO --- 2. Running (missing output): wordlist-java.txt <- 
2013-11-17 18:24:37,455 INFO --- 2: wordlist-java.txt <-  -> done in 0.10s
2013-11-17 18:24:37,461 INFO 
2013-11-17 18:24:37,462 INFO --- 3. Running (missing output): wordlist-networking.txt <- 
2013-11-17 18:24:37,569 INFO --- 3: wordlist-networking.txt <-  -> done in 0.10s
2013-11-17 18:24:37,574 INFO 
2013-11-17 18:24:37,576 INFO --- 4. Running (missing output): wordlist-crypto.txt <- 
2013-11-17 18:24:37,664 INFO --- 4: wordlist-crypto.txt <-  -> done in 0.08s
2013-11-17 18:24:37,667 INFO 
2013-11-17 18:24:37,667 INFO --- 5. Running (missing output): cleanUp <- 
2013-11-17 18:24:37,844 INFO --- 5: cleanUp <-  -> done in 0.18s
2013-11-17 18:24:37,847 INFO Done (6 steps run).
2013-11-17 18:26:31,264 INFO Running 6 steps with concurrence of 1...
2013-11-17 18:26:31,315 INFO 
2013-11-17 18:26:31,316 INFO --- 0. Running (missing output): getWordLists <- 
2013-11-17 18:27:04,318 INFO --- 0: getWordLists <-  -> done in 32.86s
2013-11-17 18:27:04,465 INFO 
2013-11-17 18:27:04,465 INFO --- 1. Running (no-input step): wordlist-general.txt <- 
2013-11-17 18:27:06,793 INFO --- 1: wordlist-general.txt <-  -> done in 2.19s
2013-11-17 18:27:06,797 INFO 
2013-11-17 18:27:06,798 INFO --- 2. Running (no-input step): wordlist-java.txt <- 
2013-11-17 18:27:07,313 INFO --- 2: wordlist-java.txt <-  -> done in 0.41s
2013-11-17 18:27:07,317 INFO 
2013-11-17 18:27:07,318 INFO --- 3. Running (no-input step): wordlist-networking.txt <- 
2013-11-17 18:27:07,535 INFO --- 3: wordlist-networking.txt <-  -> done in 0.16s
2013-11-17 18:27:07,539 INFO 
2013-11-17 18:27:07,539 INFO --- 4. Running (no-input step): wordlist-crypto.txt <- 
2013-11-17 18:27:08,098 INFO --- 4: wordlist-crypto.txt <-  -> done in 0.35s
2013-11-17 18:27:08,101 INFO 
2013-11-17 18:27:08,101 INFO --- 5. Running (missing output): cleanUp <- 
2013-11-17 18:27:09,117 INFO --- 5: cleanUp <-  -> done in 0.91s
2013-11-17 18:27:09,180 INFO Done (6 steps run).
2013-11-17 18:30:30,551 INFO Running 6 steps with concurrence of 1...
2013-11-17 18:30:30,712 INFO 
2013-11-17 18:30:30,717 INFO --- 0. Running (missing output): getWordLists <- 
2013-11-17 18:30:56,945 INFO --- 0: getWordLists <-  -> done in 26.22s
2013-11-17 18:30:56,959 INFO 
2013-11-17 18:30:56,959 INFO --- 1. Running (no-input step): wordlist-general.txt <- 
2013-11-17 18:30:57,002 INFO --- 1: wordlist-general.txt <-  -> done in 0.04s
2013-11-17 18:30:57,008 INFO 
2013-11-17 18:30:57,019 INFO --- 2. Running (no-input step): wordlist-java.txt <- 
2013-11-17 18:30:57,063 INFO --- 2: wordlist-java.txt <-  -> done in 0.04s
2013-11-17 18:30:57,066 INFO 
2013-11-17 18:30:57,067 INFO --- 3. Running (no-input step): wordlist-networking.txt <- 
2013-11-17 18:30:57,146 INFO --- 3: wordlist-networking.txt <-  -> done in 0.08s
2013-11-17 18:30:57,149 INFO 
2013-11-17 18:30:57,150 INFO --- 4. Running (no-input step): wordlist-crypto.txt <- 
2013-11-17 18:30:57,189 INFO --- 4: wordlist-crypto.txt <-  -> done in 0.04s
2013-11-17 18:30:57,191 INFO 
2013-11-17 18:30:57,192 INFO --- 5. Running (missing output): cleanUp <- 
2013-11-17 18:30:57,247 INFO --- 5: cleanUp <-  -> done in 0.05s
2013-11-17 18:30:57,253 INFO Done (6 steps run).
2013-11-17 18:33:25,501 INFO Running 6 steps with concurrence of 1...
2013-11-17 18:33:25,567 INFO 
2013-11-17 18:33:25,568 INFO --- 0. Running (missing output): getWordLists <- 
2013-11-17 18:33:45,377 INFO --- 0: getWordLists <-  -> done in 19.80s
2013-11-17 18:33:45,384 INFO 
2013-11-17 18:33:45,385 INFO --- 1. Running (no-input step): wordlist-general.txt <- 
2013-11-17 18:33:45,494 INFO --- 1: wordlist-general.txt <-  -> done in 0.11s
2013-11-17 18:33:45,516 INFO 
2013-11-17 18:33:45,516 INFO --- 2. Running (no-input step): wordlist-java.txt <- 
2013-11-17 18:33:45,556 INFO --- 2: wordlist-java.txt <-  -> done in 0.04s
2013-11-17 18:33:45,561 INFO 
2013-11-17 18:33:45,562 INFO --- 3. Running (no-input step): wordlist-networking.txt <- 
2013-11-17 18:33:45,623 INFO --- 3: wordlist-networking.txt <-  -> done in 0.06s
2013-11-17 18:33:45,625 INFO 
2013-11-17 18:33:45,626 INFO --- 4. Running (no-input step): wordlist-crypto.txt <- 
2013-11-17 18:33:45,690 INFO --- 4: wordlist-crypto.txt <-  -> done in 0.06s
2013-11-17 18:33:45,695 INFO 
2013-11-17 18:33:45,696 INFO --- 5. Running (missing output): cleanUp <- 
2013-11-17 18:33:45,757 INFO --- 5: cleanUp <-  -> done in 0.06s
2013-11-17 18:33:45,759 INFO Done (6 steps run).
2013-11-17 18:56:05,970 INFO Running 6 steps with concurrence of 1...
2013-11-17 18:56:06,027 INFO 
2013-11-17 18:56:06,044 INFO --- 0. Running (missing output): getWordLists <- 
2013-11-17 18:56:33,326 INFO --- 0: getWordLists <-  -> done in 27.27s
2013-11-17 18:56:33,348 INFO 
2013-11-17 18:56:33,348 INFO --- 1. Running (no-input step): wordlist-general.txt <- 
2013-11-17 18:56:33,386 INFO --- 1: wordlist-general.txt <-  -> done in 0.04s
2013-11-17 18:56:33,399 INFO 
2013-11-17 18:56:33,400 INFO --- 2. Running (no-input step): wordlist-java.txt <- 
2013-11-17 18:56:33,440 INFO --- 2: wordlist-java.txt <-  -> done in 0.04s
2013-11-17 18:56:33,443 INFO 
2013-11-17 18:56:33,443 INFO --- 3. Running (no-input step): wordlist-networking.txt <- 
2013-11-17 18:56:33,514 INFO --- 3: wordlist-networking.txt <-  -> done in 0.07s
2013-11-17 18:56:33,517 INFO 
2013-11-17 18:56:33,518 INFO --- 4. Running (no-input step): wordlist-crypto.txt <- 
2013-11-17 18:56:33,559 INFO --- 4: wordlist-crypto.txt <-  -> done in 0.04s
2013-11-17 18:56:33,562 INFO 
2013-11-17 18:56:33,563 INFO --- 5. Running (missing output): cleanUp <- 
2013-11-17 18:56:33,603 INFO --- 5: cleanUp <-  -> done in 0.04s
2013-11-17 18:56:33,605 INFO Done (6 steps run).
2013-11-17 18:58:09,700 INFO Running 6 steps with concurrence of 1...
2013-11-17 18:58:09,773 INFO 
2013-11-17 18:58:09,776 INFO --- 0. Running (missing output): getWordLists <- 
2013-11-17 18:58:28,250 INFO --- 0: getWordLists <-  -> done in 18.47s
2013-11-17 18:58:28,256 INFO 
2013-11-17 18:58:28,257 INFO --- 1. Running (missing output): wordlist-general.txt <- 
2013-11-17 18:58:28,294 INFO --- 1: wordlist-general.txt <-  -> done in 0.04s
2013-11-17 18:58:28,298 INFO 
2013-11-17 18:58:28,298 INFO --- 2. Running (missing output): wordlist-java.txt <- 
2013-11-17 18:58:28,353 INFO --- 2: wordlist-java.txt <-  -> done in 0.05s
2013-11-17 18:58:28,356 INFO 
2013-11-17 18:58:28,357 INFO --- 3. Running (missing output): wordlist-networking.txt <- 
2013-11-17 18:58:28,422 INFO --- 3: wordlist-networking.txt <-  -> done in 0.06s
2013-11-17 18:58:28,425 INFO 
2013-11-17 18:58:28,425 INFO --- 4. Running (missing output): wordlist-crypto.txt <- 
2013-11-17 18:58:28,480 INFO --- 4: wordlist-crypto.txt <-  -> done in 0.05s
2013-11-17 18:58:28,493 INFO 
2013-11-17 18:58:28,494 INFO --- 5. Running (missing output): cleanUp <- 
2013-11-17 18:58:28,538 INFO --- 5: cleanUp <-  -> done in 0.04s
2013-11-17 18:58:28,540 INFO Done (6 steps run).
2013-11-17 18:59:38,203 INFO Running 5 steps with concurrence of 1...
2013-11-17 18:59:38,253 INFO 
2013-11-17 18:59:38,280 INFO --- 0. Running (missing output): getWordLists <- 
2013-11-17 18:59:57,165 INFO --- 0: getWordLists <-  -> done in 18.87s
2013-11-17 18:59:57,184 INFO 
2013-11-17 18:59:57,185 INFO --- 1. Running (no-input step): wordlist-general.txt <- 
2013-11-17 18:59:57,220 INFO --- 1: wordlist-general.txt <-  -> done in 0.03s
2013-11-17 18:59:57,246 INFO 
2013-11-17 18:59:57,247 INFO --- 2. Running (no-input step): wordlist-java.txt <- 
2013-11-17 18:59:57,281 INFO --- 2: wordlist-java.txt <-  -> done in 0.03s
2013-11-17 18:59:57,298 INFO 
2013-11-17 18:59:57,299 INFO --- 3. Running (no-input step): wordlist-networking.txt <- 
2013-11-17 18:59:57,360 INFO --- 3: wordlist-networking.txt <-  -> done in 0.06s
2013-11-17 18:59:57,364 INFO 
2013-11-17 18:59:57,364 INFO --- 4. Running (no-input step): wordlist-crypto.txt <- 
2013-11-17 18:59:57,414 INFO --- 4: wordlist-crypto.txt <-  -> done in 0.05s
2013-11-17 18:59:57,416 INFO Done (5 steps run).
2013-11-17 19:04:15,579 ERROR drake: duplicated output: file:/Users/fnbr/Dropbox/Academic/2013:14/Fall/Cmput466/Project/BugDedup/domainClassification/wordLists/getWordLists
2013-11-17 19:04:47,166 INFO Running 2 steps with concurrence of 1...
2013-11-17 19:04:47,229 INFO 
2013-11-17 19:04:47,230 INFO --- 0. Running (missing output): getWordLists <- 
2013-11-17 19:05:10,353 INFO --- 0: getWordLists <-  -> done in 23.12s
2013-11-17 19:05:10,373 INFO 
2013-11-17 19:05:10,373 INFO --- 1. Running (no-input step): wordlist-general.txt <- 
2013-11-17 19:05:10,428 INFO --- 1: wordlist-general.txt <-  -> done in 0.05s
2013-11-17 19:05:10,430 INFO Done (2 steps run).
2013-11-17 19:05:52,080 INFO Running 2 steps with concurrence of 1...
2013-11-17 19:05:52,117 INFO 
2013-11-17 19:05:52,118 INFO --- 0. Running (missing output): getWordLists <- 
2013-11-17 19:06:19,472 INFO --- 0: getWordLists <-  -> done in 27.35s
2013-11-17 19:06:19,480 INFO 
2013-11-17 19:06:19,481 INFO --- 1. Running (missing output): wordlist-general.txt <- 
2013-11-17 19:06:19,538 INFO --- 1: wordlist-general.txt <-  -> done in 0.06s
2013-11-17 19:06:19,540 INFO Done (2 steps run).
2013-11-17 19:09:01,711 INFO Running 2 steps with concurrence of 1...
2013-11-17 19:09:01,732 INFO 
2013-11-17 19:09:01,733 INFO --- 0. Running (missing output): getWordLists <- 
2013-11-17 19:09:25,870 INFO --- 0: getWordLists <-  -> done in 24.13s
2013-11-17 19:09:25,914 INFO 
2013-11-17 19:09:25,915 INFO --- 1. Running (no-input step): wordlist-general.txt <- 
2013-11-17 19:09:26,105 INFO --- 1: wordlist-general.txt <-  -> done in 0.19s
2013-11-17 19:09:26,108 INFO Done (2 steps run).
2013-11-17 19:10:44,816 INFO Running 2 steps with concurrence of 1...
2013-11-17 19:10:44,866 INFO 
2013-11-17 19:10:44,867 INFO --- 0. Running (missing output): getWordLists <- 
2013-11-17 19:11:29,261 INFO --- 0: getWordLists <-  -> done in 44.36s
2013-11-17 19:11:29,284 INFO 
2013-11-17 19:11:29,284 INFO --- 1. Running (missing output): wordlist-general.txt <- 
2013-11-17 19:11:29,482 INFO --- 1: wordlist-general.txt <-  -> done in 0.19s
2013-11-17 19:11:29,484 INFO Done (2 steps run).
2013-11-17 19:11:59,930 INFO Running 3 steps with concurrence of 1...
2013-11-17 19:11:59,973 INFO 
2013-11-17 19:11:59,975 INFO --- 0. Running (missing output): getWordLists <- 
2013-11-17 19:12:46,961 INFO --- 0: getWordLists <-  -> done in 46.92s
2013-11-17 19:12:46,988 INFO 
2013-11-17 19:12:46,989 INFO --- 1. Running (no-input step): wordlist-general.txt <- 
2013-11-17 19:12:47,257 INFO --- 1: wordlist-general.txt <-  -> done in 0.24s
2013-11-17 19:12:47,263 INFO 
2013-11-17 19:12:47,264 INFO --- 2. Running (missing output): cleanUp <- 
2013-11-17 19:12:47,662 INFO --- 2: cleanUp <-  -> done in 0.33s
2013-11-17 19:12:47,701 INFO Done (3 steps run).
